DEBUG | 2017-11-07 19:00:36 | [main] logging.Log4j2Example (Log4j2Example.java:12) - This Will Be Printed On Debug
INFO  | 2017-11-07 19:00:36 | [main] logging.Log4j2Example (Log4j2Example.java:13) - This Will Be Printed On Info
WARN  | 2017-11-07 19:00:36 | [main] logging.Log4j2Example (Log4j2Example.java:14) - This Will Be Printed On Warn
ERROR | 2017-11-07 19:00:36 | [main] logging.Log4j2Example (Log4j2Example.java:15) - This Will Be Printed On Error
FATAL | 2017-11-07 19:00:36 | [main] logging.Log4j2Example (Log4j2Example.java:16) - This Will Be Printed On Fatal
INFO  | 2017-11-07 19:00:36 | [main] logging.Log4j2Example (Log4j2Example.java:18) - Appending string: Hello, World.
DEBUG | 2022-05-29 15:52:32 | [main] logging.Log4j2Example (Log4j2Example.java:12) - This Will Be Printed On Debug
INFO  | 2022-05-29 15:52:32 | [main] logging.Log4j2Example (Log4j2Example.java:13) - This Will Be Printed On Info
WARN  | 2022-05-29 15:52:32 | [main] logging.Log4j2Example (Log4j2Example.java:14) - This Will Be Printed On Warn
ERROR | 2022-05-29 15:52:32 | [main] logging.Log4j2Example (Log4j2Example.java:15) - This Will Be Printed On Error
FATAL | 2022-05-29 15:52:32 | [main] logging.Log4j2Example (Log4j2Example.java:16) - This Will Be Printed On Fatal
INFO  | 2022-05-29 15:52:32 | [main] logging.Log4j2Example (Log4j2Example.java:18) - Appending string: Hello, World.
DEBUG | 2022-05-29 15:53:44 | [main] logging.Log4j2Example (Log4j2Example.java:12) - This Will Be Printed On Debug
INFO  | 2022-05-29 15:53:44 | [main] logging.Log4j2Example (Log4j2Example.java:13) - This Will Be Printed On Info
WARN  | 2022-05-29 15:53:44 | [main] logging.Log4j2Example (Log4j2Example.java:14) - This Will Be Printed On Warn
ERROR | 2022-05-29 15:53:44 | [main] logging.Log4j2Example (Log4j2Example.java:15) - This Will Be Printed On Error
FATAL | 2022-05-29 15:53:44 | [main] logging.Log4j2Example (Log4j2Example.java:16) - This Will Be Printed On Fatal
INFO  | 2022-05-29 15:53:44 | [main] logging.Log4j2Example (Log4j2Example.java:18) - Appending string: Hello, World.
INFO  | 2022-05-29 16:02:54 | [main] core.FarmProcess (FarmProcess.java:19) - This my log from FarmProcess
INFO  | 2022-05-29 16:05:08 | [main] core.FarmProcess (FarmProcess.java:19) - This is my log from FarmProcess
INFO  | 2022-05-29 16:05:58 | [main] core.FarmProcess (FarmProcess.java:19) - This is my log from FarmProcess
INFO  | 2022-05-29 16:09:05 | [main] core.FarmProcess (FarmProcess.java:19) - This is my log from FarmProcess
INFO  | 2022-05-29 16:17:24 | [main] core.FarmProcess (FarmProcess.java:19) - This is my log from FarmProcess
INFO  | 2022-05-31 09:12:37 | [main] core.FarmProcess (FarmProcess.java:19) - This is my log from FarmProcess
INFO  | 2022-05-31 09:14:27 | [main] core.FarmProcess (FarmProcess.java:19) - This is my log from FarmProcess
INFO  | 2022-05-31 09:15:58 | [main] core.FarmProcess (FarmProcess.java:19) - This is my log from FarmProcess
INFO  | 2022-05-31 09:16:33 | [main] core.FarmProcess (FarmProcess.java:19) - This is my log from FarmProcess
INFO  | 2022-05-31 09:20:31 | [Thread-2] core.FarmProcess (FarmProcess.java:23) - begin FarmProcess
INFO  | 2022-05-31 09:22:11 | [Thread-2] core.FarmProcess (FarmProcess.java:32) - end FarmProcess
INFO  | 2022-06-12 10:48:04 | [Thread-2] core.FarmProcess (FarmProcess.java:23) - begin FarmProcess
INFO  | 2022-06-12 10:49:44 | [Thread-2] core.FarmProcess (FarmProcess.java:32) - end FarmProcess
INFO  | 2022-06-12 11:58:18 | [Thread-2] core.FarmProcess (FarmProcess.java:36) - begin FarmProcess
INFO  | 2022-06-12 13:20:10 | [Thread-2] core.FarmProcess (FarmProcess.java:36) - begin FarmProcess
INFO  | 2022-06-12 13:20:10 | [Thread-3] core.BankingProcess (BankingProcess.java:17) - begin BankingProcess
INFO  | 2022-06-12 13:24:02 | [Thread-3] core.BankingProcess (BankingProcess.java:17) - begin BankingProcess
INFO  | 2022-06-12 13:29:19 | [Thread-3] core.BankingProcess (BankingProcess.java:32) - end BankingProcess
INFO  | 2022-06-13 14:29:15 | [Thread-3] banking.BankingProcess (BankingProcess.java:17) - begin BankingProcess
INFO  | 2022-06-13 14:29:17 | [Thread-3] banking.Bank (Bank.java:72) - poolAccounts upload successful, size: 200
INFO  | 2022-06-13 14:29:17 | [Thread-3] banking.Bank (Bank.java:94) - poolAccounts download successful, size: 200
INFO  | 2022-06-13 14:29:19 | [Thread-3] banking.Bank (Bank.java:72) - poolAccounts upload successful, size: 200
INFO  | 2022-06-13 14:29:19 | [Thread-3] banking.Bank (Bank.java:94) - poolAccounts download successful, size: 200
INFO  | 2022-06-13 14:29:20 | [Thread-3] banking.Bank (Bank.java:72) - poolAccounts upload successful, size: 200
INFO  | 2022-06-13 14:29:20 | [Thread-3] banking.Bank (Bank.java:94) - poolAccounts download successful, size: 200
INFO  | 2022-06-13 14:29:22 | [Thread-3] banking.Bank (Bank.java:72) - poolAccounts upload successful, size: 200
INFO  | 2022-06-13 14:29:22 | [Thread-3] banking.Bank (Bank.java:94) - poolAccounts download successful, size: 200
INFO  | 2022-06-13 14:29:23 | [Thread-3] banking.Bank (Bank.java:72) - poolAccounts upload successful, size: 200
INFO  | 2022-06-13 14:29:23 | [Thread-3] banking.Bank (Bank.java:94) - poolAccounts download successful, size: 200
INFO  | 2022-06-13 14:29:25 | [Thread-3] banking.Bank (Bank.java:72) - poolAccounts upload successful, size: 200
INFO  | 2022-06-13 14:29:25 | [Thread-3] banking.Bank (Bank.java:94) - poolAccounts download successful, size: 200
INFO  | 2022-06-13 14:29:26 | [Thread-3] banking.Bank (Bank.java:72) - poolAccounts upload successful, size: 200
INFO  | 2022-06-13 14:29:26 | [Thread-3] banking.Bank (Bank.java:94) - poolAccounts download successful, size: 200
INFO  | 2022-06-13 14:29:28 | [Thread-3] banking.Bank (Bank.java:72) - poolAccounts upload successful, size: 200
INFO  | 2022-06-13 14:29:28 | [Thread-3] banking.Bank (Bank.java:94) - poolAccounts download successful, size: 200
INFO  | 2022-06-13 14:29:29 | [Thread-3] banking.Bank (Bank.java:72) - poolAccounts upload successful, size: 200
INFO  | 2022-06-13 14:29:29 | [Thread-3] banking.Bank (Bank.java:94) - poolAccounts download successful, size: 200
INFO  | 2022-06-13 14:29:31 | [Thread-3] banking.Bank (Bank.java:72) - poolAccounts upload successful, size: 200
INFO  | 2022-06-13 14:29:31 | [Thread-3] banking.Bank (Bank.java:94) - poolAccounts download successful, size: 200
INFO  | 2022-06-13 14:29:32 | [Thread-3] banking.Bank (Bank.java:72) - poolAccounts upload successful, size: 200
INFO  | 2022-06-13 14:29:32 | [Thread-3] banking.Bank (Bank.java:94) - poolAccounts download successful, size: 200
INFO  | 2022-06-13 14:29:34 | [Thread-3] banking.Bank (Bank.java:72) - poolAccounts upload successful, size: 200
INFO  | 2022-06-13 14:29:34 | [Thread-3] banking.Bank (Bank.java:94) - poolAccounts download successful, size: 200
INFO  | 2022-06-13 14:29:35 | [Thread-3] banking.Bank (Bank.java:72) - poolAccounts upload successful, size: 200
INFO  | 2022-06-13 14:29:35 | [Thread-3] banking.Bank (Bank.java:94) - poolAccounts download successful, size: 200
INFO  | 2022-06-13 14:29:37 | [Thread-3] banking.Bank (Bank.java:72) - poolAccounts upload successful, size: 200
INFO  | 2022-06-13 14:29:37 | [Thread-3] banking.Bank (Bank.java:94) - poolAccounts download successful, size: 200
INFO  | 2022-06-13 14:29:38 | [Thread-3] banking.Bank (Bank.java:72) - poolAccounts upload successful, size: 200
INFO  | 2022-06-13 14:29:38 | [Thread-3] banking.Bank (Bank.java:94) - poolAccounts download successful, size: 200
INFO  | 2022-06-13 14:29:40 | [Thread-3] banking.Bank (Bank.java:72) - poolAccounts upload successful, size: 200
INFO  | 2022-06-13 14:29:40 | [Thread-3] banking.Bank (Bank.java:94) - poolAccounts download successful, size: 200
INFO  | 2022-06-13 14:29:41 | [Thread-3] banking.Bank (Bank.java:72) - poolAccounts upload successful, size: 200
INFO  | 2022-06-13 14:29:41 | [Thread-3] banking.Bank (Bank.java:94) - poolAccounts download successful, size: 200
INFO  | 2022-06-13 14:29:43 | [Thread-3] banking.Bank (Bank.java:72) - poolAccounts upload successful, size: 200
INFO  | 2022-06-13 14:29:43 | [Thread-3] banking.Bank (Bank.java:94) - poolAccounts download successful, size: 200
INFO  | 2022-06-13 14:29:44 | [Thread-3] banking.Bank (Bank.java:72) - poolAccounts upload successful, size: 200
INFO  | 2022-06-13 14:29:44 | [Thread-3] banking.Bank (Bank.java:94) - poolAccounts download successful, size: 200
INFO  | 2022-06-13 14:29:46 | [Thread-3] banking.Bank (Bank.java:72) - poolAccounts upload successful, size: 200
INFO  | 2022-06-13 14:29:46 | [Thread-3] banking.Bank (Bank.java:94) - poolAccounts download successful, size: 200
INFO  | 2022-06-13 14:29:47 | [Thread-3] banking.Bank (Bank.java:72) - poolAccounts upload successful, size: 200
INFO  | 2022-06-13 14:29:47 | [Thread-3] banking.Bank (Bank.java:94) - poolAccounts download successful, size: 200
INFO  | 2022-06-13 14:29:49 | [Thread-3] banking.Bank (Bank.java:72) - poolAccounts upload successful, size: 200
INFO  | 2022-06-13 14:29:49 | [Thread-3] banking.Bank (Bank.java:94) - poolAccounts download successful, size: 200
INFO  | 2022-06-13 14:29:50 | [Thread-3] banking.Bank (Bank.java:72) - poolAccounts upload successful, size: 200
INFO  | 2022-06-13 14:29:51 | [Thread-3] banking.Bank (Bank.java:94) - poolAccounts download successful, size: 200
INFO  | 2022-06-13 14:29:52 | [Thread-3] banking.Bank (Bank.java:72) - poolAccounts upload successful, size: 200
INFO  | 2022-06-13 14:29:52 | [Thread-3] banking.Bank (Bank.java:94) - poolAccounts download successful, size: 200
INFO  | 2022-06-13 14:29:54 | [Thread-3] banking.Bank (Bank.java:72) - poolAccounts upload successful, size: 200
INFO  | 2022-06-13 14:29:54 | [Thread-3] banking.Bank (Bank.java:94) - poolAccounts download successful, size: 200
INFO  | 2022-06-13 14:29:55 | [Thread-3] banking.Bank (Bank.java:72) - poolAccounts upload successful, size: 200
INFO  | 2022-06-13 14:29:55 | [Thread-3] banking.Bank (Bank.java:94) - poolAccounts download successful, size: 200
INFO  | 2022-06-13 14:29:57 | [Thread-3] banking.Bank (Bank.java:72) - poolAccounts upload successful, size: 200
INFO  | 2022-06-13 14:29:57 | [Thread-3] banking.Bank (Bank.java:94) - poolAccounts download successful, size: 200
INFO  | 2022-06-13 14:29:58 | [Thread-3] banking.Bank (Bank.java:72) - poolAccounts upload successful, size: 200
INFO  | 2022-06-13 14:29:58 | [Thread-3] banking.Bank (Bank.java:94) - poolAccounts download successful, size: 200
INFO  | 2022-06-13 14:30:00 | [Thread-3] banking.Bank (Bank.java:72) - poolAccounts upload successful, size: 200
INFO  | 2022-06-13 14:30:00 | [Thread-3] banking.Bank (Bank.java:94) - poolAccounts download successful, size: 200
INFO  | 2022-06-13 14:30:01 | [Thread-3] banking.Bank (Bank.java:72) - poolAccounts upload successful, size: 200
INFO  | 2022-06-13 14:30:01 | [Thread-3] banking.Bank (Bank.java:94) - poolAccounts download successful, size: 200
INFO  | 2022-06-13 14:30:03 | [Thread-3] banking.Bank (Bank.java:72) - poolAccounts upload successful, size: 200
INFO  | 2022-06-13 14:30:03 | [Thread-3] banking.Bank (Bank.java:94) - poolAccounts download successful, size: 200
INFO  | 2022-06-13 14:30:04 | [Thread-3] banking.Bank (Bank.java:72) - poolAccounts upload successful, size: 200
INFO  | 2022-06-13 14:30:04 | [Thread-3] banking.Bank (Bank.java:94) - poolAccounts download successful, size: 200
INFO  | 2022-06-13 14:30:06 | [Thread-3] banking.Bank (Bank.java:72) - poolAccounts upload successful, size: 200
INFO  | 2022-06-13 14:30:06 | [Thread-3] banking.Bank (Bank.java:94) - poolAccounts download successful, size: 200
INFO  | 2022-06-13 14:30:07 | [Thread-3] banking.Bank (Bank.java:72) - poolAccounts upload successful, size: 200
INFO  | 2022-06-13 14:30:07 | [Thread-3] banking.Bank (Bank.java:94) - poolAccounts download successful, size: 200
INFO  | 2022-06-13 14:30:09 | [Thread-3] banking.Bank (Bank.java:72) - poolAccounts upload successful, size: 200
INFO  | 2022-06-13 14:30:09 | [Thread-3] banking.Bank (Bank.java:94) - poolAccounts download successful, size: 200
INFO  | 2022-06-13 14:30:10 | [Thread-3] banking.Bank (Bank.java:72) - poolAccounts upload successful, size: 200
INFO  | 2022-06-13 14:30:10 | [Thread-3] banking.Bank (Bank.java:94) - poolAccounts download successful, size: 200
INFO  | 2022-06-13 14:30:12 | [Thread-3] banking.Bank (Bank.java:72) - poolAccounts upload successful, size: 200
INFO  | 2022-06-13 14:30:12 | [Thread-3] banking.Bank (Bank.java:94) - poolAccounts download successful, size: 200
INFO  | 2022-06-13 14:30:13 | [Thread-3] banking.Bank (Bank.java:72) - poolAccounts upload successful, size: 200
INFO  | 2022-06-13 14:30:13 | [Thread-3] banking.Bank (Bank.java:94) - poolAccounts download successful, size: 200
INFO  | 2022-06-13 14:30:15 | [Thread-3] banking.Bank (Bank.java:72) - poolAccounts upload successful, size: 200
INFO  | 2022-06-13 14:30:15 | [Thread-3] banking.Bank (Bank.java:94) - poolAccounts download successful, size: 200
INFO  | 2022-06-13 14:30:16 | [Thread-3] banking.Bank (Bank.java:72) - poolAccounts upload successful, size: 200
INFO  | 2022-06-13 14:30:16 | [Thread-3] banking.Bank (Bank.java:94) - poolAccounts download successful, size: 200
INFO  | 2022-06-13 14:30:18 | [Thread-3] banking.Bank (Bank.java:72) - poolAccounts upload successful, size: 200
INFO  | 2022-06-13 14:30:18 | [Thread-3] banking.Bank (Bank.java:94) - poolAccounts download successful, size: 200
INFO  | 2022-06-13 14:30:19 | [Thread-3] banking.Bank (Bank.java:72) - poolAccounts upload successful, size: 200
INFO  | 2022-06-13 14:30:19 | [Thread-3] banking.Bank (Bank.java:94) - poolAccounts download successful, size: 200
INFO  | 2022-06-13 14:30:21 | [Thread-3] banking.Bank (Bank.java:72) - poolAccounts upload successful, size: 200
INFO  | 2022-06-13 14:30:21 | [Thread-3] banking.Bank (Bank.java:94) - poolAccounts download successful, size: 200
INFO  | 2022-06-13 14:30:23 | [Thread-3] banking.Bank (Bank.java:72) - poolAccounts upload successful, size: 200
INFO  | 2022-06-13 14:30:23 | [Thread-3] banking.Bank (Bank.java:94) - poolAccounts download successful, size: 200
INFO  | 2022-06-13 14:30:24 | [Thread-3] banking.Bank (Bank.java:72) - poolAccounts upload successful, size: 200
INFO  | 2022-06-13 14:30:24 | [Thread-3] banking.Bank (Bank.java:94) - poolAccounts download successful, size: 200
INFO  | 2022-06-13 14:30:26 | [Thread-3] banking.Bank (Bank.java:72) - poolAccounts upload successful, size: 200
INFO  | 2022-06-13 14:30:26 | [Thread-3] banking.Bank (Bank.java:94) - poolAccounts download successful, size: 200
INFO  | 2022-06-13 14:30:27 | [Thread-3] banking.Bank (Bank.java:72) - poolAccounts upload successful, size: 200
INFO  | 2022-06-13 14:30:27 | [Thread-3] banking.Bank (Bank.java:94) - poolAccounts download successful, size: 200
INFO  | 2022-06-13 14:30:29 | [Thread-3] banking.Bank (Bank.java:72) - poolAccounts upload successful, size: 200
INFO  | 2022-06-13 14:30:29 | [Thread-3] banking.Bank (Bank.java:94) - poolAccounts download successful, size: 200
INFO  | 2022-06-13 14:30:30 | [Thread-3] banking.Bank (Bank.java:72) - poolAccounts upload successful, size: 200
INFO  | 2022-06-13 14:30:30 | [Thread-3] banking.Bank (Bank.java:94) - poolAccounts download successful, size: 200
INFO  | 2022-06-13 14:30:32 | [Thread-3] banking.Bank (Bank.java:72) - poolAccounts upload successful, size: 200
INFO  | 2022-06-13 14:30:32 | [Thread-3] banking.Bank (Bank.java:94) - poolAccounts download successful, size: 200
INFO  | 2022-06-13 14:30:33 | [Thread-3] banking.Bank (Bank.java:72) - poolAccounts upload successful, size: 200
INFO  | 2022-06-13 14:30:33 | [Thread-3] banking.Bank (Bank.java:94) - poolAccounts download successful, size: 200
INFO  | 2022-06-13 14:30:35 | [Thread-3] banking.Bank (Bank.java:72) - poolAccounts upload successful, size: 200
INFO  | 2022-06-13 14:30:35 | [Thread-3] banking.Bank (Bank.java:94) - poolAccounts download successful, size: 200
INFO  | 2022-06-13 14:30:36 | [Thread-3] banking.Bank (Bank.java:72) - poolAccounts upload successful, size: 200
INFO  | 2022-06-13 14:30:36 | [Thread-3] banking.Bank (Bank.java:94) - poolAccounts download successful, size: 200
INFO  | 2022-06-13 14:30:38 | [Thread-3] banking.Bank (Bank.java:72) - poolAccounts upload successful, size: 200
INFO  | 2022-06-13 14:30:38 | [Thread-3] banking.Bank (Bank.java:94) - poolAccounts download successful, size: 200
INFO  | 2022-06-13 14:30:39 | [Thread-3] banking.Bank (Bank.java:72) - poolAccounts upload successful, size: 200
INFO  | 2022-06-13 14:30:39 | [Thread-3] banking.Bank (Bank.java:94) - poolAccounts download successful, size: 200
INFO  | 2022-06-13 14:30:41 | [Thread-3] banking.Bank (Bank.java:72) - poolAccounts upload successful, size: 200
INFO  | 2022-06-13 14:30:41 | [Thread-3] banking.Bank (Bank.java:94) - poolAccounts download successful, size: 200
INFO  | 2022-06-13 14:30:42 | [Thread-3] banking.Bank (Bank.java:72) - poolAccounts upload successful, size: 200
INFO  | 2022-06-13 14:30:42 | [Thread-3] banking.Bank (Bank.java:94) - poolAccounts download successful, size: 200
INFO  | 2022-06-13 14:30:44 | [Thread-3] banking.Bank (Bank.java:72) - poolAccounts upload successful, size: 200
INFO  | 2022-06-13 14:30:44 | [Thread-3] banking.Bank (Bank.java:94) - poolAccounts download successful, size: 200
INFO  | 2022-06-13 14:30:45 | [Thread-3] banking.Bank (Bank.java:72) - poolAccounts upload successful, size: 200
INFO  | 2022-06-13 14:30:45 | [Thread-3] banking.Bank (Bank.java:94) - poolAccounts download successful, size: 200
INFO  | 2022-06-13 14:30:47 | [Thread-3] banking.Bank (Bank.java:72) - poolAccounts upload successful, size: 200
INFO  | 2022-06-13 14:30:47 | [Thread-3] banking.Bank (Bank.java:94) - poolAccounts download successful, size: 200
INFO  | 2022-06-13 14:30:48 | [Thread-3] banking.Bank (Bank.java:72) - poolAccounts upload successful, size: 200
INFO  | 2022-06-13 14:30:48 | [Thread-3] banking.Bank (Bank.java:94) - poolAccounts download successful, size: 200
INFO  | 2022-06-13 14:30:50 | [Thread-3] banking.Bank (Bank.java:72) - poolAccounts upload successful, size: 200
INFO  | 2022-06-13 14:30:50 | [Thread-3] banking.Bank (Bank.java:94) - poolAccounts download successful, size: 200
INFO  | 2022-06-13 14:30:51 | [Thread-3] banking.Bank (Bank.java:72) - poolAccounts upload successful, size: 200
INFO  | 2022-06-13 14:30:51 | [Thread-3] banking.Bank (Bank.java:94) - poolAccounts download successful, size: 200
INFO  | 2022-06-13 14:30:53 | [Thread-3] banking.Bank (Bank.java:72) - poolAccounts upload successful, size: 200
INFO  | 2022-06-13 14:30:53 | [Thread-3] banking.Bank (Bank.java:94) - poolAccounts download successful, size: 200
INFO  | 2022-06-13 14:30:54 | [Thread-3] banking.Bank (Bank.java:72) - poolAccounts upload successful, size: 200
INFO  | 2022-06-13 14:30:54 | [Thread-3] banking.Bank (Bank.java:94) - poolAccounts download successful, size: 200
INFO  | 2022-06-13 14:30:56 | [Thread-3] banking.Bank (Bank.java:72) - poolAccounts upload successful, size: 200
INFO  | 2022-06-13 14:30:56 | [Thread-3] banking.Bank (Bank.java:94) - poolAccounts download successful, size: 200
INFO  | 2022-06-13 14:30:57 | [Thread-3] banking.Bank (Bank.java:72) - poolAccounts upload successful, size: 200
INFO  | 2022-06-13 14:30:57 | [Thread-3] banking.Bank (Bank.java:94) - poolAccounts download successful, size: 200
INFO  | 2022-06-13 14:30:59 | [Thread-3] banking.Bank (Bank.java:72) - poolAccounts upload successful, size: 200
INFO  | 2022-06-13 14:30:59 | [Thread-3] banking.Bank (Bank.java:94) - poolAccounts download successful, size: 200
INFO  | 2022-06-13 14:31:00 | [Thread-3] banking.Bank (Bank.java:72) - poolAccounts upload successful, size: 200
INFO  | 2022-06-13 14:31:00 | [Thread-3] banking.Bank (Bank.java:94) - poolAccounts download successful, size: 200
INFO  | 2022-06-13 14:31:02 | [Thread-3] banking.Bank (Bank.java:72) - poolAccounts upload successful, size: 200
INFO  | 2022-06-13 14:31:02 | [Thread-3] banking.Bank (Bank.java:94) - poolAccounts download successful, size: 200
INFO  | 2022-06-13 14:31:03 | [Thread-3] banking.Bank (Bank.java:72) - poolAccounts upload successful, size: 200
INFO  | 2022-06-13 14:31:03 | [Thread-3] banking.Bank (Bank.java:94) - poolAccounts download successful, size: 200
INFO  | 2022-06-13 14:31:05 | [Thread-3] banking.Bank (Bank.java:72) - poolAccounts upload successful, size: 200
INFO  | 2022-06-13 14:31:05 | [Thread-3] banking.Bank (Bank.java:94) - poolAccounts download successful, size: 200
INFO  | 2022-06-13 14:31:06 | [Thread-3] banking.Bank (Bank.java:72) - poolAccounts upload successful, size: 200
INFO  | 2022-06-13 14:31:06 | [Thread-3] banking.Bank (Bank.java:94) - poolAccounts download successful, size: 200
INFO  | 2022-06-13 14:31:08 | [Thread-3] banking.Bank (Bank.java:72) - poolAccounts upload successful, size: 200
INFO  | 2022-06-13 14:31:08 | [Thread-3] banking.Bank (Bank.java:94) - poolAccounts download successful, size: 200
INFO  | 2022-06-13 14:31:09 | [Thread-3] banking.Bank (Bank.java:72) - poolAccounts upload successful, size: 200
INFO  | 2022-06-13 14:31:09 | [Thread-3] banking.Bank (Bank.java:94) - poolAccounts download successful, size: 200
INFO  | 2022-06-13 14:31:11 | [Thread-3] banking.Bank (Bank.java:72) - poolAccounts upload successful, size: 200
INFO  | 2022-06-13 14:31:11 | [Thread-3] banking.Bank (Bank.java:94) - poolAccounts download successful, size: 200
INFO  | 2022-06-13 14:31:13 | [Thread-3] banking.Bank (Bank.java:72) - poolAccounts upload successful, size: 200
INFO  | 2022-06-13 14:31:13 | [Thread-3] banking.Bank (Bank.java:94) - poolAccounts download successful, size: 200
INFO  | 2022-06-13 14:31:14 | [Thread-3] banking.Bank (Bank.java:72) - poolAccounts upload successful, size: 200
INFO  | 2022-06-13 14:31:14 | [Thread-3] banking.Bank (Bank.java:94) - poolAccounts download successful, size: 200
INFO  | 2022-06-13 14:31:16 | [Thread-3] banking.Bank (Bank.java:72) - poolAccounts upload successful, size: 200
INFO  | 2022-06-13 14:31:16 | [Thread-3] banking.Bank (Bank.java:94) - poolAccounts download successful, size: 200
INFO  | 2022-06-13 14:31:17 | [Thread-3] banking.Bank (Bank.java:72) - poolAccounts upload successful, size: 200
INFO  | 2022-06-13 14:31:17 | [Thread-3] banking.Bank (Bank.java:94) - poolAccounts download successful, size: 200
INFO  | 2022-06-13 14:31:19 | [Thread-3] banking.Bank (Bank.java:72) - poolAccounts upload successful, size: 200
INFO  | 2022-06-13 14:31:19 | [Thread-3] banking.Bank (Bank.java:94) - poolAccounts download successful, size: 200
INFO  | 2022-06-13 14:31:20 | [Thread-3] banking.Bank (Bank.java:72) - poolAccounts upload successful, size: 200
INFO  | 2022-06-13 14:31:20 | [Thread-3] banking.Bank (Bank.java:94) - poolAccounts download successful, size: 200
INFO  | 2022-06-13 14:31:22 | [Thread-3] banking.Bank (Bank.java:72) - poolAccounts upload successful, size: 200
INFO  | 2022-06-13 14:31:22 | [Thread-3] banking.Bank (Bank.java:94) - poolAccounts download successful, size: 200
INFO  | 2022-06-13 14:31:23 | [Thread-3] banking.Bank (Bank.java:72) - poolAccounts upload successful, size: 200
INFO  | 2022-06-13 14:31:23 | [Thread-3] banking.Bank (Bank.java:94) - poolAccounts download successful, size: 200
INFO  | 2022-06-13 14:31:25 | [Thread-3] banking.Bank (Bank.java:72) - poolAccounts upload successful, size: 200
INFO  | 2022-06-13 14:31:25 | [Thread-3] banking.Bank (Bank.java:94) - poolAccounts download successful, size: 200
INFO  | 2022-06-13 14:31:26 | [Thread-3] banking.Bank (Bank.java:72) - poolAccounts upload successful, size: 200
INFO  | 2022-06-13 14:31:26 | [Thread-3] banking.Bank (Bank.java:94) - poolAccounts download successful, size: 200
INFO  | 2022-06-13 14:31:28 | [Thread-3] banking.Bank (Bank.java:72) - poolAccounts upload successful, size: 200
INFO  | 2022-06-13 14:31:28 | [Thread-3] banking.Bank (Bank.java:94) - poolAccounts download successful, size: 200
INFO  | 2022-06-13 14:31:29 | [Thread-3] banking.Bank (Bank.java:72) - poolAccounts upload successful, size: 200
INFO  | 2022-06-13 14:31:29 | [Thread-3] banking.Bank (Bank.java:94) - poolAccounts download successful, size: 200
INFO  | 2022-06-13 14:31:31 | [Thread-3] banking.Bank (Bank.java:72) - poolAccounts upload successful, size: 200
INFO  | 2022-06-13 14:31:31 | [Thread-3] banking.Bank (Bank.java:94) - poolAccounts download successful, size: 200
INFO  | 2022-06-13 14:31:32 | [Thread-3] banking.Bank (Bank.java:72) - poolAccounts upload successful, size: 200
INFO  | 2022-06-13 14:31:32 | [Thread-3] banking.Bank (Bank.java:94) - poolAccounts download successful, size: 200
INFO  | 2022-06-13 14:31:34 | [Thread-3] banking.Bank (Bank.java:72) - poolAccounts upload successful, size: 200
INFO  | 2022-06-13 14:31:34 | [Thread-3] banking.Bank (Bank.java:94) - poolAccounts download successful, size: 200
INFO  | 2022-06-13 14:31:35 | [Thread-3] banking.Bank (Bank.java:72) - poolAccounts upload successful, size: 200
INFO  | 2022-06-13 14:31:35 | [Thread-3] banking.Bank (Bank.java:94) - poolAccounts download successful, size: 200
INFO  | 2022-06-13 14:31:37 | [Thread-3] banking.Bank (Bank.java:72) - poolAccounts upload successful, size: 200
INFO  | 2022-06-13 14:31:37 | [Thread-3] banking.Bank (Bank.java:94) - poolAccounts download successful, size: 200
INFO  | 2022-06-13 14:31:38 | [Thread-3] banking.Bank (Bank.java:72) - poolAccounts upload successful, size: 200
INFO  | 2022-06-13 14:31:38 | [Thread-3] banking.Bank (Bank.java:94) - poolAccounts download successful, size: 200
INFO  | 2022-06-13 14:31:40 | [Thread-3] banking.Bank (Bank.java:72) - poolAccounts upload successful, size: 200
INFO  | 2022-06-13 14:31:40 | [Thread-3] banking.Bank (Bank.java:94) - poolAccounts download successful, size: 200
INFO  | 2022-06-13 14:31:41 | [Thread-3] banking.Bank (Bank.java:72) - poolAccounts upload successful, size: 200
INFO  | 2022-06-13 14:31:41 | [Thread-3] banking.Bank (Bank.java:94) - poolAccounts download successful, size: 200
INFO  | 2022-06-13 14:31:43 | [Thread-3] banking.Bank (Bank.java:72) - poolAccounts upload successful, size: 200
INFO  | 2022-06-13 14:31:43 | [Thread-3] banking.Bank (Bank.java:94) - poolAccounts download successful, size: 200
INFO  | 2022-06-13 14:31:44 | [Thread-3] banking.Bank (Bank.java:72) - poolAccounts upload successful, size: 200
INFO  | 2022-06-13 14:31:44 | [Thread-3] banking.Bank (Bank.java:94) - poolAccounts download successful, size: 200
INFO  | 2022-06-13 14:31:46 | [Thread-3] banking.Bank (Bank.java:72) - poolAccounts upload successful, size: 200
INFO  | 2022-06-13 14:31:46 | [Thread-3] banking.Bank (Bank.java:94) - poolAccounts download successful, size: 200
INFO  | 2022-06-13 14:31:47 | [Thread-3] banking.Bank (Bank.java:72) - poolAccounts upload successful, size: 200
INFO  | 2022-06-13 14:31:47 | [Thread-3] banking.Bank (Bank.java:94) - poolAccounts download successful, size: 200
INFO  | 2022-06-13 14:31:49 | [Thread-3] banking.Bank (Bank.java:72) - poolAccounts upload successful, size: 200
INFO  | 2022-06-13 14:31:49 | [Thread-3] banking.Bank (Bank.java:94) - poolAccounts download successful, size: 200
INFO  | 2022-06-13 14:31:50 | [Thread-3] banking.Bank (Bank.java:72) - poolAccounts upload successful, size: 200
INFO  | 2022-06-13 14:31:50 | [Thread-3] banking.Bank (Bank.java:94) - poolAccounts download successful, size: 200
INFO  | 2022-06-13 14:31:52 | [Thread-3] banking.Bank (Bank.java:72) - poolAccounts upload successful, size: 200
INFO  | 2022-06-13 14:31:52 | [Thread-3] banking.Bank (Bank.java:94) - poolAccounts download successful, size: 200
INFO  | 2022-06-13 14:31:53 | [Thread-3] banking.Bank (Bank.java:72) - poolAccounts upload successful, size: 200
INFO  | 2022-06-13 14:31:53 | [Thread-3] banking.Bank (Bank.java:94) - poolAccounts download successful, size: 200
INFO  | 2022-06-13 14:31:55 | [Thread-3] banking.Bank (Bank.java:72) - poolAccounts upload successful, size: 200
INFO  | 2022-06-13 14:31:55 | [Thread-3] banking.Bank (Bank.java:94) - poolAccounts download successful, size: 200
INFO  | 2022-06-13 14:31:56 | [Thread-3] banking.Bank (Bank.java:72) - poolAccounts upload successful, size: 200
INFO  | 2022-06-13 14:31:56 | [Thread-3] banking.Bank (Bank.java:94) - poolAccounts download successful, size: 200
INFO  | 2022-06-13 14:31:58 | [Thread-3] banking.Bank (Bank.java:72) - poolAccounts upload successful, size: 200
INFO  | 2022-06-13 14:31:58 | [Thread-3] banking.Bank (Bank.java:94) - poolAccounts download successful, size: 200
INFO  | 2022-06-13 14:31:59 | [Thread-3] banking.Bank (Bank.java:72) - poolAccounts upload successful, size: 200
INFO  | 2022-06-13 14:31:59 | [Thread-3] banking.Bank (Bank.java:94) - poolAccounts download successful, size: 200
INFO  | 2022-06-13 14:32:01 | [Thread-3] banking.Bank (Bank.java:72) - poolAccounts upload successful, size: 200
INFO  | 2022-06-13 14:32:01 | [Thread-3] banking.Bank (Bank.java:94) - poolAccounts download successful, size: 200
INFO  | 2022-06-13 14:32:02 | [Thread-3] banking.Bank (Bank.java:72) - poolAccounts upload successful, size: 200
INFO  | 2022-06-13 14:32:02 | [Thread-3] banking.Bank (Bank.java:94) - poolAccounts download successful, size: 200
INFO  | 2022-06-13 14:32:04 | [Thread-3] banking.Bank (Bank.java:72) - poolAccounts upload successful, size: 200
INFO  | 2022-06-13 14:32:04 | [Thread-3] banking.Bank (Bank.java:94) - poolAccounts download successful, size: 200
INFO  | 2022-06-13 14:32:05 | [Thread-3] banking.Bank (Bank.java:72) - poolAccounts upload successful, size: 200
INFO  | 2022-06-13 14:32:05 | [Thread-3] banking.Bank (Bank.java:94) - poolAccounts download successful, size: 200
INFO  | 2022-06-13 14:32:07 | [Thread-3] banking.Bank (Bank.java:72) - poolAccounts upload successful, size: 200
INFO  | 2022-06-13 14:32:07 | [Thread-3] banking.Bank (Bank.java:94) - poolAccounts download successful, size: 200
INFO  | 2022-06-13 14:32:08 | [Thread-3] banking.Bank (Bank.java:72) - poolAccounts upload successful, size: 200
INFO  | 2022-06-13 14:32:08 | [Thread-3] banking.Bank (Bank.java:94) - poolAccounts download successful, size: 200
INFO  | 2022-06-13 14:32:10 | [Thread-3] banking.Bank (Bank.java:72) - poolAccounts upload successful, size: 200
INFO  | 2022-06-13 14:32:10 | [Thread-3] banking.Bank (Bank.java:94) - poolAccounts download successful, size: 200
INFO  | 2022-06-13 14:32:12 | [Thread-3] banking.Bank (Bank.java:72) - poolAccounts upload successful, size: 200
INFO  | 2022-06-13 14:32:12 | [Thread-3] banking.Bank (Bank.java:94) - poolAccounts download successful, size: 200
INFO  | 2022-06-13 14:32:13 | [Thread-3] banking.Bank (Bank.java:72) - poolAccounts upload successful, size: 200
INFO  | 2022-06-13 14:32:13 | [Thread-3] banking.Bank (Bank.java:94) - poolAccounts download successful, size: 200
INFO  | 2022-06-13 14:32:15 | [Thread-3] banking.Bank (Bank.java:72) - poolAccounts upload successful, size: 200
INFO  | 2022-06-13 14:32:15 | [Thread-3] banking.Bank (Bank.java:94) - poolAccounts download successful, size: 200
INFO  | 2022-06-13 14:32:16 | [Thread-3] banking.Bank (Bank.java:72) - poolAccounts upload successful, size: 200
INFO  | 2022-06-13 14:32:16 | [Thread-3] banking.Bank (Bank.java:94) - poolAccounts download successful, size: 200
INFO  | 2022-06-13 14:32:18 | [Thread-3] banking.Bank (Bank.java:72) - poolAccounts upload successful, size: 200
INFO  | 2022-06-13 14:32:18 | [Thread-3] banking.Bank (Bank.java:94) - poolAccounts download successful, size: 200
INFO  | 2022-06-13 14:32:19 | [Thread-3] banking.Bank (Bank.java:72) - poolAccounts upload successful, size: 200
INFO  | 2022-06-13 14:32:19 | [Thread-3] banking.Bank (Bank.java:94) - poolAccounts download successful, size: 200
INFO  | 2022-06-13 14:32:21 | [Thread-3] banking.Bank (Bank.java:72) - poolAccounts upload successful, size: 200
INFO  | 2022-06-13 14:32:21 | [Thread-3] banking.Bank (Bank.java:94) - poolAccounts download successful, size: 200
INFO  | 2022-06-13 14:32:22 | [Thread-3] banking.Bank (Bank.java:72) - poolAccounts upload successful, size: 200
INFO  | 2022-06-13 14:32:22 | [Thread-3] banking.Bank (Bank.java:94) - poolAccounts download successful, size: 200
INFO  | 2022-06-13 14:32:24 | [Thread-3] banking.Bank (Bank.java:72) - poolAccounts upload successful, size: 200
INFO  | 2022-06-13 14:32:24 | [Thread-3] banking.Bank (Bank.java:94) - poolAccounts download successful, size: 200
INFO  | 2022-06-13 14:32:25 | [Thread-3] banking.Bank (Bank.java:72) - poolAccounts upload successful, size: 200
INFO  | 2022-06-13 14:32:25 | [Thread-3] banking.Bank (Bank.java:94) - poolAccounts download successful, size: 200
INFO  | 2022-06-13 14:32:27 | [Thread-3] banking.Bank (Bank.java:72) - poolAccounts upload successful, size: 200
INFO  | 2022-06-13 14:32:27 | [Thread-3] banking.Bank (Bank.java:94) - poolAccounts download successful, size: 200
INFO  | 2022-06-13 14:32:28 | [Thread-3] banking.Bank (Bank.java:72) - poolAccounts upload successful, size: 200
INFO  | 2022-06-13 14:32:28 | [Thread-3] banking.Bank (Bank.java:94) - poolAccounts download successful, size: 200
INFO  | 2022-06-13 14:32:30 | [Thread-3] banking.Bank (Bank.java:72) - poolAccounts upload successful, size: 200
INFO  | 2022-06-13 14:32:30 | [Thread-3] banking.Bank (Bank.java:94) - poolAccounts download successful, size: 200
INFO  | 2022-06-13 14:32:31 | [Thread-3] banking.Bank (Bank.java:72) - poolAccounts upload successful, size: 200
INFO  | 2022-06-13 14:32:31 | [Thread-3] banking.Bank (Bank.java:94) - poolAccounts download successful, size: 200
INFO  | 2022-06-13 14:32:33 | [Thread-3] banking.Bank (Bank.java:72) - poolAccounts upload successful, size: 200
INFO  | 2022-06-13 14:32:33 | [Thread-3] banking.Bank (Bank.java:94) - poolAccounts download successful, size: 200
INFO  | 2022-06-13 14:32:34 | [Thread-3] banking.Bank (Bank.java:72) - poolAccounts upload successful, size: 200
INFO  | 2022-06-13 14:32:34 | [Thread-3] banking.Bank (Bank.java:94) - poolAccounts download successful, size: 200
INFO  | 2022-06-13 14:32:36 | [Thread-3] banking.Bank (Bank.java:72) - poolAccounts upload successful, size: 200
INFO  | 2022-06-13 14:32:36 | [Thread-3] banking.Bank (Bank.java:94) - poolAccounts download successful, size: 200
INFO  | 2022-06-13 14:32:37 | [Thread-3] banking.Bank (Bank.java:72) - poolAccounts upload successful, size: 200
INFO  | 2022-06-13 14:32:37 | [Thread-3] banking.Bank (Bank.java:94) - poolAccounts download successful, size: 200
INFO  | 2022-06-13 14:32:39 | [Thread-3] banking.Bank (Bank.java:72) - poolAccounts upload successful, size: 200
INFO  | 2022-06-13 14:32:39 | [Thread-3] banking.Bank (Bank.java:94) - poolAccounts download successful, size: 200
INFO  | 2022-06-13 14:32:40 | [Thread-3] banking.Bank (Bank.java:72) - poolAccounts upload successful, size: 200
INFO  | 2022-06-13 14:32:40 | [Thread-3] banking.Bank (Bank.java:94) - poolAccounts download successful, size: 200
INFO  | 2022-06-13 14:32:42 | [Thread-3] banking.Bank (Bank.java:72) - poolAccounts upload successful, size: 200
INFO  | 2022-06-13 14:32:42 | [Thread-3] banking.Bank (Bank.java:94) - poolAccounts download successful, size: 200
INFO  | 2022-06-13 14:32:43 | [Thread-3] banking.Bank (Bank.java:72) - poolAccounts upload successful, size: 200
INFO  | 2022-06-13 14:32:43 | [Thread-3] banking.Bank (Bank.java:94) - poolAccounts download successful, size: 200
INFO  | 2022-06-13 14:32:45 | [Thread-3] banking.Bank (Bank.java:72) - poolAccounts upload successful, size: 200
INFO  | 2022-06-13 14:32:45 | [Thread-3] banking.Bank (Bank.java:94) - poolAccounts download successful, size: 200
INFO  | 2022-06-13 14:32:46 | [Thread-3] banking.Bank (Bank.java:72) - poolAccounts upload successful, size: 200
INFO  | 2022-06-13 14:32:46 | [Thread-3] banking.Bank (Bank.java:94) - poolAccounts download successful, size: 200
INFO  | 2022-06-13 14:32:48 | [Thread-3] banking.Bank (Bank.java:72) - poolAccounts upload successful, size: 200
INFO  | 2022-06-13 14:32:48 | [Thread-3] banking.Bank (Bank.java:94) - poolAccounts download successful, size: 200
INFO  | 2022-06-13 14:32:49 | [Thread-3] banking.Bank (Bank.java:72) - poolAccounts upload successful, size: 200
INFO  | 2022-06-13 14:32:49 | [Thread-3] banking.Bank (Bank.java:94) - poolAccounts download successful, size: 200
INFO  | 2022-06-13 14:32:51 | [Thread-3] banking.Bank (Bank.java:72) - poolAccounts upload successful, size: 200
INFO  | 2022-06-13 14:32:51 | [Thread-3] banking.Bank (Bank.java:94) - poolAccounts download successful, size: 200
INFO  | 2022-06-13 14:32:52 | [Thread-3] banking.Bank (Bank.java:72) - poolAccounts upload successful, size: 200
INFO  | 2022-06-13 14:32:52 | [Thread-3] banking.Bank (Bank.java:94) - poolAccounts download successful, size: 200
INFO  | 2022-06-13 14:32:54 | [Thread-3] banking.Bank (Bank.java:72) - poolAccounts upload successful, size: 200
INFO  | 2022-06-13 14:32:54 | [Thread-3] banking.Bank (Bank.java:94) - poolAccounts download successful, size: 200
INFO  | 2022-06-13 14:32:55 | [Thread-3] banking.Bank (Bank.java:72) - poolAccounts upload successful, size: 200
INFO  | 2022-06-13 14:32:55 | [Thread-3] banking.Bank (Bank.java:94) - poolAccounts download successful, size: 200
INFO  | 2022-06-13 14:32:57 | [Thread-3] banking.Bank (Bank.java:72) - poolAccounts upload successful, size: 200
INFO  | 2022-06-13 14:32:57 | [Thread-3] banking.Bank (Bank.java:94) - poolAccounts download successful, size: 200
INFO  | 2022-06-13 14:32:58 | [Thread-3] banking.Bank (Bank.java:72) - poolAccounts upload successful, size: 200
INFO  | 2022-06-13 14:32:58 | [Thread-3] banking.Bank (Bank.java:94) - poolAccounts download successful, size: 200
INFO  | 2022-06-13 14:33:00 | [Thread-3] banking.Bank (Bank.java:72) - poolAccounts upload successful, size: 200
INFO  | 2022-06-13 14:33:00 | [Thread-3] banking.Bank (Bank.java:94) - poolAccounts download successful, size: 200
INFO  | 2022-06-13 14:33:02 | [Thread-3] banking.Bank (Bank.java:72) - poolAccounts upload successful, size: 200
INFO  | 2022-06-13 14:33:02 | [Thread-3] banking.Bank (Bank.java:94) - poolAccounts download successful, size: 200
INFO  | 2022-06-13 14:33:03 | [Thread-3] banking.Bank (Bank.java:72) - poolAccounts upload successful, size: 200
INFO  | 2022-06-13 14:33:03 | [Thread-3] banking.Bank (Bank.java:94) - poolAccounts download successful, size: 200
INFO  | 2022-06-13 14:33:05 | [Thread-3] banking.Bank (Bank.java:72) - poolAccounts upload successful, size: 200
INFO  | 2022-06-13 14:33:05 | [Thread-3] banking.Bank (Bank.java:94) - poolAccounts download successful, size: 200
INFO  | 2022-06-13 14:33:06 | [Thread-3] banking.Bank (Bank.java:72) - poolAccounts upload successful, size: 200
INFO  | 2022-06-13 14:33:06 | [Thread-3] banking.Bank (Bank.java:94) - poolAccounts download successful, size: 200
INFO  | 2022-06-13 14:33:08 | [Thread-3] banking.Bank (Bank.java:72) - poolAccounts upload successful, size: 200
INFO  | 2022-06-13 14:33:08 | [Thread-3] banking.Bank (Bank.java:94) - poolAccounts download successful, size: 200
INFO  | 2022-06-13 14:33:09 | [Thread-3] banking.Bank (Bank.java:72) - poolAccounts upload successful, size: 200
INFO  | 2022-06-13 14:33:09 | [Thread-3] banking.Bank (Bank.java:94) - poolAccounts download successful, size: 200
INFO  | 2022-06-13 14:33:11 | [Thread-3] banking.Bank (Bank.java:72) - poolAccounts upload successful, size: 200
INFO  | 2022-06-13 14:33:11 | [Thread-3] banking.Bank (Bank.java:94) - poolAccounts download successful, size: 200
INFO  | 2022-06-13 14:33:12 | [Thread-3] banking.Bank (Bank.java:72) - poolAccounts upload successful, size: 200
INFO  | 2022-06-13 14:33:12 | [Thread-3] banking.Bank (Bank.java:94) - poolAccounts download successful, size: 200
INFO  | 2022-06-13 14:33:14 | [Thread-3] banking.Bank (Bank.java:72) - poolAccounts upload successful, size: 200
INFO  | 2022-06-13 14:33:14 | [Thread-3] banking.Bank (Bank.java:94) - poolAccounts download successful, size: 200
INFO  | 2022-06-13 14:33:15 | [Thread-3] banking.Bank (Bank.java:72) - poolAccounts upload successful, size: 200
INFO  | 2022-06-13 14:33:15 | [Thread-3] banking.Bank (Bank.java:94) - poolAccounts download successful, size: 200
INFO  | 2022-06-13 14:33:17 | [Thread-3] banking.Bank (Bank.java:72) - poolAccounts upload successful, size: 200
INFO  | 2022-06-13 14:33:17 | [Thread-3] banking.Bank (Bank.java:94) - poolAccounts download successful, size: 200
INFO  | 2022-06-13 14:33:18 | [Thread-3] banking.Bank (Bank.java:72) - poolAccounts upload successful, size: 200
INFO  | 2022-06-13 14:33:18 | [Thread-3] banking.Bank (Bank.java:94) - poolAccounts download successful, size: 200
INFO  | 2022-06-13 14:33:20 | [Thread-3] banking.Bank (Bank.java:72) - poolAccounts upload successful, size: 200
INFO  | 2022-06-13 14:33:20 | [Thread-3] banking.Bank (Bank.java:94) - poolAccounts download successful, size: 200
INFO  | 2022-06-13 14:33:21 | [Thread-3] banking.Bank (Bank.java:72) - poolAccounts upload successful, size: 200
INFO  | 2022-06-13 14:33:21 | [Thread-3] banking.Bank (Bank.java:94) - poolAccounts download successful, size: 200
INFO  | 2022-06-13 14:33:23 | [Thread-3] banking.Bank (Bank.java:72) - poolAccounts upload successful, size: 200
INFO  | 2022-06-13 14:33:23 | [Thread-3] banking.Bank (Bank.java:94) - poolAccounts download successful, size: 200
INFO  | 2022-06-13 14:33:24 | [Thread-3] banking.Bank (Bank.java:72) - poolAccounts upload successful, size: 200
INFO  | 2022-06-13 14:33:24 | [Thread-3] banking.Bank (Bank.java:94) - poolAccounts download successful, size: 200
INFO  | 2022-06-13 14:33:26 | [Thread-3] banking.Bank (Bank.java:72) - poolAccounts upload successful, size: 200
INFO  | 2022-06-13 14:33:26 | [Thread-3] banking.Bank (Bank.java:94) - poolAccounts download successful, size: 200
INFO  | 2022-06-13 14:33:27 | [Thread-3] banking.Bank (Bank.java:72) - poolAccounts upload successful, size: 200
INFO  | 2022-06-13 14:33:27 | [Thread-3] banking.Bank (Bank.java:94) - poolAccounts download successful, size: 200
INFO  | 2022-06-13 14:33:29 | [Thread-3] banking.Bank (Bank.java:72) - poolAccounts upload successful, size: 200
INFO  | 2022-06-13 14:33:29 | [Thread-3] banking.Bank (Bank.java:94) - poolAccounts download successful, size: 200
INFO  | 2022-06-13 14:33:30 | [Thread-3] banking.Bank (Bank.java:72) - poolAccounts upload successful, size: 200
INFO  | 2022-06-13 14:33:30 | [Thread-3] banking.Bank (Bank.java:94) - poolAccounts download successful, size: 200
INFO  | 2022-06-13 14:33:32 | [Thread-3] banking.Bank (Bank.java:72) - poolAccounts upload successful, size: 200
INFO  | 2022-06-13 14:33:32 | [Thread-3] banking.Bank (Bank.java:94) - poolAccounts download successful, size: 200
INFO  | 2022-06-13 14:33:33 | [Thread-3] banking.Bank (Bank.java:72) - poolAccounts upload successful, size: 200
INFO  | 2022-06-13 14:33:33 | [Thread-3] banking.Bank (Bank.java:94) - poolAccounts download successful, size: 200
INFO  | 2022-06-13 14:33:35 | [Thread-3] banking.Bank (Bank.java:72) - poolAccounts upload successful, size: 200
INFO  | 2022-06-13 14:33:35 | [Thread-3] banking.Bank (Bank.java:94) - poolAccounts download successful, size: 200
INFO  | 2022-06-13 14:33:36 | [Thread-3] banking.Bank (Bank.java:72) - poolAccounts upload successful, size: 200
INFO  | 2022-06-13 14:33:36 | [Thread-3] banking.Bank (Bank.java:94) - poolAccounts download successful, size: 200
INFO  | 2022-06-13 14:33:38 | [Thread-3] banking.Bank (Bank.java:72) - poolAccounts upload successful, size: 200
INFO  | 2022-06-13 14:33:38 | [Thread-3] banking.Bank (Bank.java:94) - poolAccounts download successful, size: 200
INFO  | 2022-06-13 14:33:39 | [Thread-3] banking.Bank (Bank.java:72) - poolAccounts upload successful, size: 200
INFO  | 2022-06-13 14:33:39 | [Thread-3] banking.Bank (Bank.java:94) - poolAccounts download successful, size: 200
INFO  | 2022-06-13 14:33:41 | [Thread-3] banking.Bank (Bank.java:72) - poolAccounts upload successful, size: 200
INFO  | 2022-06-13 14:33:41 | [Thread-3] banking.Bank (Bank.java:94) - poolAccounts download successful, size: 200
INFO  | 2022-06-13 14:33:42 | [Thread-3] banking.Bank (Bank.java:72) - poolAccounts upload successful, size: 200
INFO  | 2022-06-13 14:33:42 | [Thread-3] banking.Bank (Bank.java:94) - poolAccounts download successful, size: 200
INFO  | 2022-06-13 14:33:44 | [Thread-3] banking.Bank (Bank.java:72) - poolAccounts upload successful, size: 200
INFO  | 2022-06-13 14:33:44 | [Thread-3] banking.Bank (Bank.java:94) - poolAccounts download successful, size: 200
INFO  | 2022-06-13 14:33:45 | [Thread-3] banking.Bank (Bank.java:72) - poolAccounts upload successful, size: 200
INFO  | 2022-06-13 14:33:45 | [Thread-3] banking.Bank (Bank.java:94) - poolAccounts download successful, size: 200
INFO  | 2022-06-13 14:33:47 | [Thread-3] banking.Bank (Bank.java:72) - poolAccounts upload successful, size: 200
INFO  | 2022-06-13 14:33:47 | [Thread-3] banking.Bank (Bank.java:94) - poolAccounts download successful, size: 200
INFO  | 2022-06-13 14:33:48 | [Thread-3] banking.Bank (Bank.java:72) - poolAccounts upload successful, size: 200
INFO  | 2022-06-13 14:33:48 | [Thread-3] banking.Bank (Bank.java:94) - poolAccounts download successful, size: 200
INFO  | 2022-06-13 14:33:50 | [Thread-3] banking.Bank (Bank.java:72) - poolAccounts upload successful, size: 200
INFO  | 2022-06-13 14:33:50 | [Thread-3] banking.Bank (Bank.java:94) - poolAccounts download successful, size: 200
INFO  | 2022-06-13 14:33:51 | [Thread-3] banking.Bank (Bank.java:72) - poolAccounts upload successful, size: 200
INFO  | 2022-06-13 14:33:51 | [Thread-3] banking.Bank (Bank.java:94) - poolAccounts download successful, size: 200
INFO  | 2022-06-13 14:33:53 | [Thread-3] banking.Bank (Bank.java:72) - poolAccounts upload successful, size: 200
INFO  | 2022-06-13 14:33:53 | [Thread-3] banking.Bank (Bank.java:94) - poolAccounts download successful, size: 200
INFO  | 2022-06-13 14:33:55 | [Thread-3] banking.Bank (Bank.java:72) - poolAccounts upload successful, size: 200
INFO  | 2022-06-13 14:33:55 | [Thread-3] banking.Bank (Bank.java:94) - poolAccounts download successful, size: 200
INFO  | 2022-06-13 14:33:56 | [Thread-3] banking.Bank (Bank.java:72) - poolAccounts upload successful, size: 200
INFO  | 2022-06-13 14:33:56 | [Thread-3] banking.Bank (Bank.java:94) - poolAccounts download successful, size: 200
INFO  | 2022-06-13 14:33:58 | [Thread-3] banking.Bank (Bank.java:72) - poolAccounts upload successful, size: 200
INFO  | 2022-06-13 14:33:58 | [Thread-3] banking.Bank (Bank.java:94) - poolAccounts download successful, size: 200
INFO  | 2022-06-13 14:33:59 | [Thread-3] banking.Bank (Bank.java:72) - poolAccounts upload successful, size: 200
INFO  | 2022-06-13 14:33:59 | [Thread-3] banking.Bank (Bank.java:94) - poolAccounts download successful, size: 200
INFO  | 2022-06-13 14:34:01 | [Thread-3] banking.Bank (Bank.java:72) - poolAccounts upload successful, size: 200
INFO  | 2022-06-13 14:34:01 | [Thread-3] banking.Bank (Bank.java:94) - poolAccounts download successful, size: 200
INFO  | 2022-06-13 14:34:02 | [Thread-3] banking.Bank (Bank.java:72) - poolAccounts upload successful, size: 200
INFO  | 2022-06-13 14:34:02 | [Thread-3] banking.Bank (Bank.java:94) - poolAccounts download successful, size: 200
INFO  | 2022-06-13 14:34:04 | [Thread-3] banking.Bank (Bank.java:72) - poolAccounts upload successful, size: 200
INFO  | 2022-06-13 14:34:04 | [Thread-3] banking.Bank (Bank.java:94) - poolAccounts download successful, size: 200
INFO  | 2022-06-13 14:34:05 | [Thread-3] banking.Bank (Bank.java:72) - poolAccounts upload successful, size: 200
INFO  | 2022-06-13 14:34:05 | [Thread-3] banking.Bank (Bank.java:94) - poolAccounts download successful, size: 200
INFO  | 2022-06-13 14:34:07 | [Thread-3] banking.Bank (Bank.java:72) - poolAccounts upload successful, size: 200
INFO  | 2022-06-13 14:34:07 | [Thread-3] banking.Bank (Bank.java:94) - poolAccounts download successful, size: 200
INFO  | 2022-06-13 14:34:08 | [Thread-3] banking.Bank (Bank.java:72) - poolAccounts upload successful, size: 200
INFO  | 2022-06-13 14:34:08 | [Thread-3] banking.Bank (Bank.java:94) - poolAccounts download successful, size: 200
INFO  | 2022-06-13 14:34:10 | [Thread-3] banking.Bank (Bank.java:72) - poolAccounts upload successful, size: 200
INFO  | 2022-06-13 14:34:10 | [Thread-3] banking.Bank (Bank.java:94) - poolAccounts download successful, size: 200
INFO  | 2022-06-13 14:34:11 | [Thread-3] banking.Bank (Bank.java:72) - poolAccounts upload successful, size: 200
INFO  | 2022-06-13 14:34:11 | [Thread-3] banking.Bank (Bank.java:94) - poolAccounts download successful, size: 200
INFO  | 2022-06-13 14:34:13 | [Thread-3] banking.Bank (Bank.java:72) - poolAccounts upload successful, size: 200
INFO  | 2022-06-13 14:34:13 | [Thread-3] banking.Bank (Bank.java:94) - poolAccounts download successful, size: 200
INFO  | 2022-06-13 14:34:14 | [Thread-3] banking.Bank (Bank.java:72) - poolAccounts upload successful, size: 200
INFO  | 2022-06-13 14:34:14 | [Thread-3] banking.Bank (Bank.java:94) - poolAccounts download successful, size: 200
INFO  | 2022-06-13 14:34:16 | [Thread-3] banking.Bank (Bank.java:72) - poolAccounts upload successful, size: 200
INFO  | 2022-06-13 14:34:16 | [Thread-3] banking.Bank (Bank.java:94) - poolAccounts download successful, size: 200
INFO  | 2022-06-13 14:34:17 | [Thread-3] banking.Bank (Bank.java:72) - poolAccounts upload successful, size: 200
INFO  | 2022-06-13 14:34:17 | [Thread-3] banking.Bank (Bank.java:94) - poolAccounts download successful, size: 200
INFO  | 2022-06-13 14:34:19 | [Thread-3] banking.Bank (Bank.java:72) - poolAccounts upload successful, size: 200
INFO  | 2022-06-13 14:34:19 | [Thread-3] banking.Bank (Bank.java:94) - poolAccounts download successful, size: 200
INFO  | 2022-06-13 14:34:19 | [Thread-3] banking.BankingProcess (BankingProcess.java:32) - end BankingProcess
INFO  | 2022-06-13 14:48:14 | [Thread-3] banking.BankingProcess (BankingProcess.java:17) - begin BankingProcess
INFO  | 2022-06-13 14:48:14 | [Thread-3] banking.Bank (Bank.java:72) - poolAccounts upload successful, size: 200
INFO  | 2022-06-13 14:53:16 | [Thread-3] banking.Bank (Bank.java:94) - poolAccounts download successful, size: 200
INFO  | 2022-06-13 14:53:16 | [Thread-3] banking.BankingProcess (BankingProcess.java:35) - end BankingProcess
INFO  | 2022-06-14 08:06:23 | [Thread-3] banking.BankingProcess (BankingProcess.java:17) - begin BankingProcess
INFO  | 2022-06-14 08:06:23 | [Thread-3] banking.Bank (Bank.java:72) - poolAccounts upload successful, size: 200
INFO  | 2022-06-14 08:11:24 | [Thread-3] banking.Bank (Bank.java:94) - poolAccounts download successful, size: 200
INFO  | 2022-06-14 08:11:24 | [Thread-3] banking.BankingProcess (BankingProcess.java:35) - end BankingProcess
INFO  | 2022-07-17 16:52:04 | [Thread-3] banking.BankingProcess (BankingProcess.java:17) - begin BankingProcess
INFO  | 2022-07-17 16:52:05 | [Thread-3] banking.BankingProcess (BankingProcess.java:35) - end BankingProcess
INFO  | 2022-07-17 16:53:34 | [Thread-3] banking.BankingProcess (BankingProcess.java:17) - begin BankingProcess
INFO  | 2022-07-17 16:53:34 | [Thread-3] banking.Bank (Bank.java:72) - poolAccounts upload successful, size: 200
INFO  | 2022-07-17 16:58:49 | [Thread-2] workforce.FarmProcess (FarmProcess.java:37) - begin FarmProcess
INFO  | 2022-07-17 16:58:49 | [Thread-3] banking.BankingProcess (BankingProcess.java:17) - begin BankingProcess
INFO  | 2022-07-17 16:58:49 | [Thread-3] banking.Bank (Bank.java:72) - poolAccounts upload successful, size: 200
INFO  | 2022-07-17 16:58:51 | [Thread-2] workforce.FarmProcess (FarmProcess.java:48) - end FarmProcess
INFO  | 2022-07-17 17:00:09 | [Thread-2] workforce.FarmProcess (FarmProcess.java:37) - begin FarmProcess
INFO  | 2022-07-17 17:00:09 | [Thread-3] banking.BankingProcess (BankingProcess.java:17) - begin BankingProcess
INFO  | 2022-07-17 17:00:09 | [Thread-3] banking.Bank (Bank.java:72) - poolAccounts upload successful, size: 200
INFO  | 2022-07-17 17:47:34 | [Thread-3] banking.BankingProcess (BankingProcess.java:17) - begin BankingProcess
INFO  | 2022-07-17 17:47:34 | [Thread-2] workforce.FarmProcess (FarmProcess.java:37) - begin FarmProcess
INFO  | 2022-07-17 17:47:34 | [Thread-3] banking.Bank (Bank.java:72) - poolAccounts upload successful, size: 200
INFO  | 2022-07-17 17:49:14 | [Thread-2] workforce.FarmProcess (FarmProcess.java:48) - end FarmProcess
INFO  | 2022-07-17 17:52:35 | [Thread-3] banking.Bank (Bank.java:94) - poolAccounts download successful, size: 200
INFO  | 2022-07-17 17:52:35 | [Thread-3] banking.BankingProcess (BankingProcess.java:35) - end BankingProcess
INFO  | 2022-07-17 17:57:35 | [Thread-3] banking.BankingProcess (BankingProcess.java:17) - begin BankingProcess
INFO  | 2022-07-17 17:57:35 | [Thread-2] workforce.FarmProcess (FarmProcess.java:37) - begin FarmProcess
INFO  | 2022-07-17 17:57:35 | [Thread-3] banking.Bank (Bank.java:72) - poolAccounts upload successful, size: 200
INFO  | 2022-07-17 17:59:15 | [Thread-2] workforce.FarmProcess (FarmProcess.java:48) - end FarmProcess
INFO  | 2022-07-17 18:02:36 | [Thread-3] banking.Bank (Bank.java:94) - poolAccounts download successful, size: 200
INFO  | 2022-07-17 18:02:36 | [Thread-3] banking.BankingProcess (BankingProcess.java:35) - end BankingProcess
INFO  | 2022-07-17 18:18:34 | [Thread-2] workforce.FarmProcess (FarmProcess.java:37) - begin FarmProcess
INFO  | 2022-07-17 18:18:34 | [Thread-3] banking.BankingProcess (BankingProcess.java:17) - begin BankingProcess
INFO  | 2022-07-17 18:18:34 | [Thread-3] banking.Bank (Bank.java:72) - poolAccounts upload successful, size: 200
INFO  | 2022-07-17 18:23:36 | [Thread-3] banking.Bank (Bank.java:94) - poolAccounts download successful, size: 200
INFO  | 2022-07-17 18:23:36 | [Thread-3] banking.BankingProcess (BankingProcess.java:35) - end BankingProcess
INFO  | 2022-07-17 18:25:16 | [Thread-2] workforce.FarmProcess (FarmProcess.java:48) - end FarmProcess
